<?xml version="1.0" encoding="UTF-8"?>
<!-- Generated by org.testng.reporters.JUnitReportReporter -->
<testsuite skipped="0" hostname="ViraJash" name="rupali.amazon" tests="1" failures="0" timestamp="11 Oct 2018 04:31:03 GMT" time="5.675" errors="0">
  <testcase name="login" time="5.675" classname="rupali.amazon"/>
</testsuite> <!-- rupali.amazon -->
